{"C:\\Users\\alhaf\\Downloads\\GlasgowSupportBot\\frontend\\src\\App.js": {"path":"C:\\Users\\alhaf\\Downloads\\GlasgowSupportBot\\frontend\\src\\App.js","statementMap":{"0":{"start":{"line":14,"column":25},"end":{"line":18,"column":1}},"1":{"start":{"line":15,"column":19},"end":{"line":15,"column":32}},"2":{"start":{"line":16,"column":27},"end":{"line":16,"column":52}},"3":{"start":{"line":17,"column":2},"end":{"line":17,"column":112}},"4":{"start":{"line":21,"column":38},"end":{"line":21,"column":52}},"5":{"start":{"line":22,"column":19},"end":{"line":22,"column":32}},"6":{"start":{"line":24,"column":27},"end":{"line":27,"column":3}},"7":{"start":{"line":25,"column":4},"end":{"line":25,"column":24}},"8":{"start":{"line":26,"column":4},"end":{"line":26,"column":18}},"9":{"start":{"line":29,"column":27},"end":{"line":33,"column":3}},"10":{"start":{"line":30,"column":4},"end":{"line":32,"column":5}},"11":{"start":{"line":31,"column":6},"end":{"line":31,"column":26}},"12":{"start":{"line":36,"column":30},"end":{"line":54,"column":3}},"13":{"start":{"line":37,"column":4},"end":{"line":40,"column":5}},"14":{"start":{"line":38,"column":6},"end":{"line":38,"column":38}},"15":{"start":{"line":39,"column":6},"end":{"line":39,"column":13}},"16":{"start":{"line":41,"column":24},"end":{"line":45,"column":17}},"17":{"start":{"line":43,"column":27},"end":{"line":43,"column":68}},"18":{"start":{"line":44,"column":6},"end":{"line":44,"column":50}},"19":{"start":{"line":46,"column":18},"end":{"line":46,"column":79}},"20":{"start":{"line":47,"column":16},"end":{"line":47,"column":41}},"21":{"start":{"line":48,"column":17},"end":{"line":48,"column":44}},"22":{"start":{"line":49,"column":4},"end":{"line":49,"column":20}},"23":{"start":{"line":50,"column":4},"end":{"line":50,"column":67}},"24":{"start":{"line":51,"column":4},"end":{"line":51,"column":36}},"25":{"start":{"line":52,"column":4},"end":{"line":52,"column":17}},"26":{"start":{"line":53,"column":4},"end":{"line":53,"column":36}},"27":{"start":{"line":56,"column":2},"end":{"line":76,"column":4}},"28":{"start":{"line":81,"column":2},"end":{"line":87,"column":4}}},"fnMap":{"0":{"name":"(anonymous_0)","decl":{"start":{"line":14,"column":25},"end":{"line":14,"column":26}},"loc":{"start":{"line":14,"column":43},"end":{"line":18,"column":1}},"line":14},"1":{"name":"App","decl":{"start":{"line":20,"column":9},"end":{"line":20,"column":12}},"loc":{"start":{"line":20,"column":15},"end":{"line":77,"column":1}},"line":20},"2":{"name":"(anonymous_2)","decl":{"start":{"line":24,"column":27},"end":{"line":24,"column":28}},"loc":{"start":{"line":24,"column":37},"end":{"line":27,"column":3}},"line":24},"3":{"name":"(anonymous_3)","decl":{"start":{"line":29,"column":27},"end":{"line":29,"column":28}},"loc":{"start":{"line":29,"column":39},"end":{"line":33,"column":3}},"line":29},"4":{"name":"(anonymous_4)","decl":{"start":{"line":36,"column":30},"end":{"line":36,"column":31}},"loc":{"start":{"line":36,"column":36},"end":{"line":54,"column":3}},"line":36},"5":{"name":"(anonymous_5)","decl":{"start":{"line":41,"column":48},"end":{"line":41,"column":49}},"loc":{"start":{"line":41,"column":59},"end":{"line":45,"column":5}},"line":41},"6":{"name":"AppWithRouter","decl":{"start":{"line":80,"column":9},"end":{"line":80,"column":22}},"loc":{"start":{"line":80,"column":25},"end":{"line":88,"column":1}},"line":80}},"branchMap":{"0":{"loc":{"start":{"line":17,"column":9},"end":{"line":17,"column":111}},"type":"binary-expr","locations":[{"start":{"line":17,"column":9},"end":{"line":17,"column":25}},{"start":{"line":17,"column":29},"end":{"line":17,"column":111}}],"line":17},"1":{"loc":{"start":{"line":30,"column":4},"end":{"line":32,"column":5}},"type":"if","locations":[{"start":{"line":30,"column":4},"end":{"line":32,"column":5}},{"start":{},"end":{}}],"line":30},"2":{"loc":{"start":{"line":30,"column":8},"end":{"line":30,"column":46}},"type":"binary-expr","locations":[{"start":{"line":30,"column":8},"end":{"line":30,"column":18}},{"start":{"line":30,"column":22},"end":{"line":30,"column":46}}],"line":30},"3":{"loc":{"start":{"line":37,"column":4},"end":{"line":40,"column":5}},"type":"if","locations":[{"start":{"line":37,"column":4},"end":{"line":40,"column":5}},{"start":{},"end":{}}],"line":37},"4":{"loc":{"start":{"line":37,"column":8},"end":{"line":37,"column":79}},"type":"binary-expr","locations":[{"start":{"line":37,"column":8},"end":{"line":37,"column":19}},{"start":{"line":37,"column":23},"end":{"line":37,"column":43}},{"start":{"line":37,"column":47},"end":{"line":37,"column":79}}],"line":37},"5":{"loc":{"start":{"line":43,"column":27},"end":{"line":43,"column":68}},"type":"cond-expr","locations":[{"start":{"line":43,"column":55},"end":{"line":43,"column":61}},{"start":{"line":43,"column":64},"end":{"line":43,"column":68}}],"line":43},"6":{"loc":{"start":{"line":63,"column":35},"end":{"line":63,"column":185}},"type":"cond-expr","locations":[{"start":{"line":63,"column":48},"end":{"line":63,"column":113}},{"start":{"line":63,"column":116},"end":{"line":63,"column":185}}],"line":63}},"s":{"0":1,"1":2,"2":2,"3":2,"4":2,"5":2,"6":2,"7":0,"8":0,"9":2,"10":0,"11":0,"12":2,"13":0,"14":0,"15":0,"16":0,"17":0,"18":0,"19":0,"20":0,"21":0,"22":0,"23":0,"24":0,"25":0,"26":0,"27":2,"28":2},"f":{"0":2,"1":2,"2":0,"3":0,"4":0,"5":0,"6":2},"b":{"0":[2,1],"1":[0,0],"2":[0,0],"3":[0,0],"4":[0,0,0],"5":[0,0],"6":[0,2]},"_coverageSchema":"1a1c01bbd47fc00a2c39e90264f33305004495a9","hash":"c70b33b14ae5bb83a421322afcecb3a224dff75b"}
,"C:\\Users\\alhaf\\Downloads\\GlasgowSupportBot\\frontend\\src\\ChatBox.js": {"path":"C:\\Users\\alhaf\\Downloads\\GlasgowSupportBot\\frontend\\src\\ChatBox.js","statementMap":{"0":{"start":{"line":8,"column":16},"end":{"line":67,"column":1}},"1":{"start":{"line":9,"column":36},"end":{"line":9,"column":48}},"2":{"start":{"line":10,"column":40},"end":{"line":10,"column":55}},"3":{"start":{"line":11,"column":27},"end":{"line":11,"column":39}},"4":{"start":{"line":13,"column":4},"end":{"line":17,"column":21}},"5":{"start":{"line":14,"column":8},"end":{"line":16,"column":9}},"6":{"start":{"line":15,"column":12},"end":{"line":15,"column":51}},"7":{"start":{"line":19,"column":24},"end":{"line":40,"column":5}},"8":{"start":{"line":20,"column":8},"end":{"line":20,"column":58}},"9":{"start":{"line":20,"column":51},"end":{"line":20,"column":58}},"10":{"start":{"line":21,"column":8},"end":{"line":21,"column":28}},"11":{"start":{"line":22,"column":31},"end":{"line":22,"column":68}},"12":{"start":{"line":23,"column":8},"end":{"line":23,"column":51}},"13":{"start":{"line":24,"column":8},"end":{"line":24,"column":49}},"14":{"start":{"line":27,"column":8},"end":{"line":39,"column":9}},"15":{"start":{"line":28,"column":29},"end":{"line":28,"column":110}},"16":{"start":{"line":29,"column":33},"end":{"line":29,"column":86}},"17":{"start":{"line":30,"column":12},"end":{"line":30,"column":65}},"18":{"start":{"line":30,"column":36},"end":{"line":30,"column":63}},"19":{"start":{"line":31,"column":12},"end":{"line":31,"column":51}},"20":{"start":{"line":33,"column":12},"end":{"line":33,"column":59}},"21":{"start":{"line":34,"column":36},"end":{"line":34,"column":85}},"22":{"start":{"line":35,"column":12},"end":{"line":35,"column":68}},"23":{"start":{"line":35,"column":36},"end":{"line":35,"column":66}},"24":{"start":{"line":36,"column":12},"end":{"line":36,"column":54}},"25":{"start":{"line":38,"column":12},"end":{"line":38,"column":33}},"26":{"start":{"line":42,"column":4},"end":{"line":44,"column":19}},"27":{"start":{"line":43,"column":8},"end":{"line":43,"column":71}},"28":{"start":{"line":46,"column":4},"end":{"line":66,"column":6}},"29":{"start":{"line":51,"column":24},"end":{"line":51,"column":91}}},"fnMap":{"0":{"name":"(anonymous_0)","decl":{"start":{"line":8,"column":16},"end":{"line":8,"column":17}},"loc":{"start":{"line":8,"column":46},"end":{"line":67,"column":1}},"line":8},"1":{"name":"(anonymous_1)","decl":{"start":{"line":13,"column":14},"end":{"line":13,"column":15}},"loc":{"start":{"line":13,"column":20},"end":{"line":17,"column":5}},"line":13},"2":{"name":"(anonymous_2)","decl":{"start":{"line":19,"column":24},"end":{"line":19,"column":25}},"loc":{"start":{"line":19,"column":47},"end":{"line":40,"column":5}},"line":19},"3":{"name":"(anonymous_3)","decl":{"start":{"line":30,"column":24},"end":{"line":30,"column":25}},"loc":{"start":{"line":30,"column":36},"end":{"line":30,"column":63}},"line":30},"4":{"name":"(anonymous_4)","decl":{"start":{"line":35,"column":24},"end":{"line":35,"column":25}},"loc":{"start":{"line":35,"column":36},"end":{"line":35,"column":66}},"line":35},"5":{"name":"(anonymous_5)","decl":{"start":{"line":42,"column":14},"end":{"line":42,"column":15}},"loc":{"start":{"line":42,"column":20},"end":{"line":44,"column":5}},"line":42},"6":{"name":"(anonymous_6)","decl":{"start":{"line":50,"column":33},"end":{"line":50,"column":34}},"loc":{"start":{"line":51,"column":24},"end":{"line":51,"column":91}},"line":51}},"branchMap":{"0":{"loc":{"start":{"line":14,"column":8},"end":{"line":16,"column":9}},"type":"if","locations":[{"start":{"line":14,"column":8},"end":{"line":16,"column":9}},{"start":{},"end":{}}],"line":14},"1":{"loc":{"start":{"line":15,"column":24},"end":{"line":15,"column":49}},"type":"binary-expr","locations":[{"start":{"line":15,"column":24},"end":{"line":15,"column":43}},{"start":{"line":15,"column":47},"end":{"line":15,"column":49}}],"line":15},"2":{"loc":{"start":{"line":20,"column":8},"end":{"line":20,"column":58}},"type":"if","locations":[{"start":{"line":20,"column":8},"end":{"line":20,"column":58}},{"start":{},"end":{}}],"line":20},"3":{"loc":{"start":{"line":20,"column":12},"end":{"line":20,"column":49}},"type":"binary-expr","locations":[{"start":{"line":20,"column":12},"end":{"line":20,"column":20}},{"start":{"line":20,"column":24},"end":{"line":20,"column":35}},{"start":{"line":20,"column":39},"end":{"line":20,"column":49}}],"line":20},"4":{"loc":{"start":{"line":49,"column":17},"end":{"line":58,"column":17}},"type":"cond-expr","locations":[{"start":{"line":50,"column":20},"end":{"line":52,"column":22}},{"start":{"line":54,"column":20},"end":{"line":57,"column":26}}],"line":49},"5":{"loc":{"start":{"line":61,"column":13},"end":{"line":64,"column":13}},"type":"binary-expr","locations":[{"start":{"line":61,"column":13},"end":{"line":61,"column":22}},{"start":{"line":63,"column":16},"end":{"line":63,"column":80}}],"line":61}},"s":{"0":2,"1":16,"2":16,"3":16,"4":16,"5":5,"6":5,"7":16,"8":3,"9":0,"10":3,"11":3,"12":3,"13":3,"14":3,"15":3,"16":2,"17":2,"18":2,"19":2,"20":1,"21":1,"22":1,"23":1,"24":1,"25":3,"26":16,"27":16,"28":16,"29":17},"f":{"0":16,"1":5,"2":3,"3":2,"4":1,"5":16,"6":17},"b":{"0":[5,0],"1":[5,0],"2":[0,3],"3":[3,3,3],"4":[8,8],"5":[16,16]},"_coverageSchema":"1a1c01bbd47fc00a2c39e90264f33305004495a9","hash":"5adee68b7937ae9c3aff6c8f277d95fb3bfcd489"}
,"C:\\Users\\alhaf\\Downloads\\GlasgowSupportBot\\frontend\\src\\ChatHistory.js": {"path":"C:\\Users\\alhaf\\Downloads\\GlasgowSupportBot\\frontend\\src\\ChatHistory.js","statementMap":{"0":{"start":{"line":5,"column":18},"end":{"line":5,"column":58}},"1":{"start":{"line":8,"column":20},"end":{"line":11,"column":1}},"2":{"start":{"line":9,"column":23},"end":{"line":9,"column":87}},"3":{"start":{"line":10,"column":4},"end":{"line":10,"column":22}},"4":{"start":{"line":14,"column":20},"end":{"line":23,"column":1}},"5":{"start":{"line":15,"column":4},"end":{"line":22,"column":5}},"6":{"start":{"line":16,"column":22},"end":{"line":16,"column":68}},"7":{"start":{"line":17,"column":30},"end":{"line":17,"column":63}},"8":{"start":{"line":18,"column":8},"end":{"line":18,"column":41}},"9":{"start":{"line":20,"column":8},"end":{"line":20,"column":63}},"10":{"start":{"line":21,"column":8},"end":{"line":21,"column":18}},"11":{"start":{"line":27,"column":20},"end":{"line":83,"column":1}},"12":{"start":{"line":28,"column":28},"end":{"line":36,"column":4}},"13":{"start":{"line":29,"column":4},"end":{"line":35,"column":5}},"14":{"start":{"line":30,"column":25},"end":{"line":30,"column":60}},"15":{"start":{"line":31,"column":6},"end":{"line":31,"column":55}},"16":{"start":{"line":33,"column":6},"end":{"line":33,"column":76}},"17":{"start":{"line":34,"column":6},"end":{"line":34,"column":16}},"18":{"start":{"line":39,"column":2},"end":{"line":46,"column":14}},"19":{"start":{"line":40,"column":4},"end":{"line":45,"column":5}},"20":{"start":{"line":41,"column":29},"end":{"line":41,"column":47}},"21":{"start":{"line":42,"column":6},"end":{"line":42,"column":58}},"22":{"start":{"line":44,"column":6},"end":{"line":44,"column":72}},"23":{"start":{"line":48,"column":24},"end":{"line":57,"column":3}},"24":{"start":{"line":49,"column":4},"end":{"line":53,"column":5}},"25":{"start":{"line":51,"column":6},"end":{"line":51,"column":101}},"26":{"start":{"line":52,"column":6},"end":{"line":52,"column":13}},"27":{"start":{"line":54,"column":20},"end":{"line":54,"column":52}},"28":{"start":{"line":55,"column":4},"end":{"line":55,"column":34}},"29":{"start":{"line":56,"column":4},"end":{"line":56,"column":26}},"30":{"start":{"line":59,"column":21},"end":{"line":63,"column":3}},"31":{"start":{"line":60,"column":25},"end":{"line":60,"column":65}},"32":{"start":{"line":60,"column":46},"end":{"line":60,"column":64}},"33":{"start":{"line":61,"column":4},"end":{"line":61,"column":27}},"34":{"start":{"line":62,"column":4},"end":{"line":62,"column":25}},"35":{"start":{"line":65,"column":21},"end":{"line":68,"column":3}},"36":{"start":{"line":66,"column":17},"end":{"line":66,"column":36}},"37":{"start":{"line":67,"column":4},"end":{"line":67,"column":33}},"38":{"start":{"line":70,"column":2},"end":{"line":82,"column":4}},"39":{"start":{"line":74,"column":8},"end":{"line":79,"column":14}},"40":{"start":{"line":74,"column":67},"end":{"line":74,"column":85}},"41":{"start":{"line":76,"column":67},"end":{"line":76,"column":87}},"42":{"start":{"line":76,"column":88},"end":{"line":76,"column":108}}},"fnMap":{"0":{"name":"(anonymous_0)","decl":{"start":{"line":8,"column":20},"end":{"line":8,"column":21}},"loc":{"start":{"line":8,"column":30},"end":{"line":11,"column":1}},"line":8},"1":{"name":"(anonymous_1)","decl":{"start":{"line":14,"column":20},"end":{"line":14,"column":21}},"loc":{"start":{"line":14,"column":39},"end":{"line":23,"column":1}},"line":14},"2":{"name":"(anonymous_2)","decl":{"start":{"line":27,"column":20},"end":{"line":27,"column":21}},"loc":{"start":{"line":27,"column":56},"end":{"line":83,"column":1}},"line":27},"3":{"name":"(anonymous_3)","decl":{"start":{"line":28,"column":37},"end":{"line":28,"column":38}},"loc":{"start":{"line":28,"column":43},"end":{"line":36,"column":3}},"line":28},"4":{"name":"(anonymous_4)","decl":{"start":{"line":39,"column":12},"end":{"line":39,"column":13}},"loc":{"start":{"line":39,"column":18},"end":{"line":46,"column":3}},"line":39},"5":{"name":"(anonymous_5)","decl":{"start":{"line":48,"column":24},"end":{"line":48,"column":25}},"loc":{"start":{"line":48,"column":30},"end":{"line":57,"column":3}},"line":48},"6":{"name":"(anonymous_6)","decl":{"start":{"line":59,"column":21},"end":{"line":59,"column":22}},"loc":{"start":{"line":59,"column":33},"end":{"line":63,"column":3}},"line":59},"7":{"name":"(anonymous_7)","decl":{"start":{"line":60,"column":38},"end":{"line":60,"column":39}},"loc":{"start":{"line":60,"column":46},"end":{"line":60,"column":64}},"line":60},"8":{"name":"(anonymous_8)","decl":{"start":{"line":65,"column":21},"end":{"line":65,"column":22}},"loc":{"start":{"line":65,"column":36},"end":{"line":68,"column":3}},"line":65},"9":{"name":"(anonymous_9)","decl":{"start":{"line":73,"column":17},"end":{"line":73,"column":18}},"loc":{"start":{"line":74,"column":8},"end":{"line":79,"column":14}},"line":74},"10":{"name":"(anonymous_10)","decl":{"start":{"line":74,"column":61},"end":{"line":74,"column":62}},"loc":{"start":{"line":74,"column":67},"end":{"line":74,"column":85}},"line":74},"11":{"name":"(anonymous_11)","decl":{"start":{"line":76,"column":58},"end":{"line":76,"column":59}},"loc":{"start":{"line":76,"column":65},"end":{"line":76,"column":110}},"line":76}},"branchMap":{"0":{"loc":{"start":{"line":31,"column":13},"end":{"line":31,"column":54}},"type":"cond-expr","locations":[{"start":{"line":31,"column":26},"end":{"line":31,"column":49}},{"start":{"line":31,"column":52},"end":{"line":31,"column":54}}],"line":31},"1":{"loc":{"start":{"line":49,"column":4},"end":{"line":53,"column":5}},"type":"if","locations":[{"start":{"line":49,"column":4},"end":{"line":53,"column":5}},{"start":{},"end":{}}],"line":49}},"s":{"0":2,"1":2,"2":3,"3":0,"4":2,"5":1,"6":1,"7":0,"8":0,"9":1,"10":1,"11":2,"12":4,"13":3,"14":3,"15":3,"16":0,"17":0,"18":4,"19":3,"20":3,"21":0,"22":3,"23":4,"24":0,"25":0,"26":0,"27":0,"28":0,"29":0,"30":4,"31":0,"32":0,"33":0,"34":0,"35":4,"36":0,"37":0,"38":4,"39":0,"40":0,"41":0,"42":0},"f":{"0":3,"1":1,"2":4,"3":3,"4":3,"5":0,"6":0,"7":0,"8":0,"9":0,"10":0,"11":0},"b":{"0":[1,2],"1":[0,0]},"_coverageSchema":"1a1c01bbd47fc00a2c39e90264f33305004495a9","hash":"87e08fad46ad8053e779cc8bd68c4b3e473c19b9"}
,"C:\\Users\\alhaf\\Downloads\\GlasgowSupportBot\\frontend\\src\\Documentation.js": {"path":"C:\\Users\\alhaf\\Downloads\\GlasgowSupportBot\\frontend\\src\\Documentation.js","statementMap":{"0":{"start":{"line":4,"column":22},"end":{"line":134,"column":1}},"1":{"start":{"line":5,"column":2},"end":{"line":133,"column":4}}},"fnMap":{"0":{"name":"(anonymous_0)","decl":{"start":{"line":4,"column":22},"end":{"line":4,"column":23}},"loc":{"start":{"line":4,"column":28},"end":{"line":134,"column":1}},"line":4}},"branchMap":{},"s":{"0":1,"1":1},"f":{"0":1},"b":{},"_coverageSchema":"1a1c01bbd47fc00a2c39e90264f33305004495a9","hash":"890947aa1dd1217a5293156a4a7812bcb71d4614"}
,"C:\\Users\\alhaf\\Downloads\\GlasgowSupportBot\\frontend\\src\\FAQ.js": {"path":"C:\\Users\\alhaf\\Downloads\\GlasgowSupportBot\\frontend\\src\\FAQ.js","statementMap":{"0":{"start":{"line":4,"column":12},"end":{"line":52,"column":1}},"1":{"start":{"line":5,"column":2},"end":{"line":51,"column":4}}},"fnMap":{"0":{"name":"(anonymous_0)","decl":{"start":{"line":4,"column":12},"end":{"line":4,"column":13}},"loc":{"start":{"line":4,"column":18},"end":{"line":52,"column":1}},"line":4}},"branchMap":{},"s":{"0":1,"1":0},"f":{"0":0},"b":{},"_coverageSchema":"1a1c01bbd47fc00a2c39e90264f33305004495a9","hash":"a3266e7109e336918edaea744ebe7663fc4e279b"}
,"C:\\Users\\alhaf\\Downloads\\GlasgowSupportBot\\frontend\\src\\Feedback.js": {"path":"C:\\Users\\alhaf\\Downloads\\GlasgowSupportBot\\frontend\\src\\Feedback.js","statementMap":{"0":{"start":{"line":6,"column":17},"end":{"line":141,"column":1}},"1":{"start":{"line":7,"column":36},"end":{"line":7,"column":51}},"2":{"start":{"line":8,"column":34},"end":{"line":8,"column":46}},"3":{"start":{"line":9,"column":30},"end":{"line":9,"column":45}},"4":{"start":{"line":10,"column":34},"end":{"line":10,"column":46}},"5":{"start":{"line":11,"column":28},"end":{"line":11,"column":40}},"6":{"start":{"line":12,"column":30},"end":{"line":12,"column":42}},"7":{"start":{"line":13,"column":27},"end":{"line":13,"column":29}},"8":{"start":{"line":14,"column":24},"end":{"line":14,"column":26}},"9":{"start":{"line":15,"column":25},"end":{"line":15,"column":27}},"10":{"start":{"line":16,"column":27},"end":{"line":16,"column":29}},"11":{"start":{"line":20,"column":31},"end":{"line":20,"column":59}},"12":{"start":{"line":20,"column":37},"end":{"line":20,"column":59}},"13":{"start":{"line":21,"column":28},"end":{"line":21,"column":62}},"14":{"start":{"line":21,"column":39},"end":{"line":21,"column":62}},"15":{"start":{"line":23,"column":25},"end":{"line":29,"column":5}},"16":{"start":{"line":24,"column":8},"end":{"line":27,"column":9}},"17":{"start":{"line":25,"column":12},"end":{"line":25,"column":57}},"18":{"start":{"line":26,"column":12},"end":{"line":26,"column":25}},"19":{"start":{"line":28,"column":8},"end":{"line":28,"column":20}},"20":{"start":{"line":31,"column":25},"end":{"line":59,"column":5}},"21":{"start":{"line":32,"column":8},"end":{"line":32,"column":31}},"22":{"start":{"line":33,"column":8},"end":{"line":33,"column":36}},"23":{"start":{"line":33,"column":29},"end":{"line":33,"column":36}},"24":{"start":{"line":35,"column":29},"end":{"line":35,"column":62}},"25":{"start":{"line":37,"column":8},"end":{"line":58,"column":9}},"26":{"start":{"line":38,"column":29},"end":{"line":42,"column":14}},"27":{"start":{"line":44,"column":25},"end":{"line":44,"column":46}},"28":{"start":{"line":45,"column":12},"end":{"line":54,"column":13}},"29":{"start":{"line":46,"column":16},"end":{"line":46,"column":51}},"30":{"start":{"line":48,"column":16},"end":{"line":48,"column":43}},"31":{"start":{"line":49,"column":16},"end":{"line":49,"column":37}},"32":{"start":{"line":50,"column":16},"end":{"line":50,"column":39}},"33":{"start":{"line":51,"column":16},"end":{"line":51,"column":43}},"34":{"start":{"line":53,"column":16},"end":{"line":53,"column":75}},"35":{"start":{"line":56,"column":12},"end":{"line":56,"column":60}},"36":{"start":{"line":57,"column":12},"end":{"line":57,"column":81}},"37":{"start":{"line":62,"column":4},"end":{"line":140,"column":6}},"38":{"start":{"line":66,"column":36},"end":{"line":66,"column":50}},"39":{"start":{"line":67,"column":36},"end":{"line":67,"column":51}},"40":{"start":{"line":86,"column":49},"end":{"line":86,"column":72}},"41":{"start":{"line":95,"column":45},"end":{"line":95,"column":69}},"42":{"start":{"line":107,"column":49},"end":{"line":107,"column":75}},"43":{"start":{"line":130,"column":49},"end":{"line":130,"column":75}}},"fnMap":{"0":{"name":"(anonymous_0)","decl":{"start":{"line":6,"column":17},"end":{"line":6,"column":18}},"loc":{"start":{"line":6,"column":23},"end":{"line":141,"column":1}},"line":6},"1":{"name":"(anonymous_1)","decl":{"start":{"line":20,"column":31},"end":{"line":20,"column":32}},"loc":{"start":{"line":20,"column":37},"end":{"line":20,"column":59}},"line":20},"2":{"name":"(anonymous_2)","decl":{"start":{"line":21,"column":28},"end":{"line":21,"column":29}},"loc":{"start":{"line":21,"column":39},"end":{"line":21,"column":62}},"line":21},"3":{"name":"(anonymous_3)","decl":{"start":{"line":23,"column":25},"end":{"line":23,"column":26}},"loc":{"start":{"line":23,"column":31},"end":{"line":29,"column":5}},"line":23},"4":{"name":"(anonymous_4)","decl":{"start":{"line":31,"column":25},"end":{"line":31,"column":26}},"loc":{"start":{"line":31,"column":42},"end":{"line":59,"column":5}},"line":31},"5":{"name":"(anonymous_5)","decl":{"start":{"line":66,"column":30},"end":{"line":66,"column":31}},"loc":{"start":{"line":66,"column":36},"end":{"line":66,"column":50}},"line":66},"6":{"name":"(anonymous_6)","decl":{"start":{"line":67,"column":30},"end":{"line":67,"column":31}},"loc":{"start":{"line":67,"column":36},"end":{"line":67,"column":51}},"line":67},"7":{"name":"(anonymous_7)","decl":{"start":{"line":86,"column":42},"end":{"line":86,"column":43}},"loc":{"start":{"line":86,"column":49},"end":{"line":86,"column":72}},"line":86},"8":{"name":"(anonymous_8)","decl":{"start":{"line":95,"column":38},"end":{"line":95,"column":39}},"loc":{"start":{"line":95,"column":45},"end":{"line":95,"column":69}},"line":95},"9":{"name":"(anonymous_9)","decl":{"start":{"line":107,"column":42},"end":{"line":107,"column":43}},"loc":{"start":{"line":107,"column":49},"end":{"line":107,"column":75}},"line":107},"10":{"name":"(anonymous_10)","decl":{"start":{"line":130,"column":42},"end":{"line":130,"column":43}},"loc":{"start":{"line":130,"column":49},"end":{"line":130,"column":75}},"line":130}},"branchMap":{"0":{"loc":{"start":{"line":24,"column":8},"end":{"line":27,"column":9}},"type":"if","locations":[{"start":{"line":24,"column":8},"end":{"line":27,"column":9}},{"start":{},"end":{}}],"line":24},"1":{"loc":{"start":{"line":24,"column":12},"end":{"line":24,"column":32}},"type":"binary-expr","locations":[{"start":{"line":24,"column":12},"end":{"line":24,"column":20}},{"start":{"line":24,"column":24},"end":{"line":24,"column":32}}],"line":24},"2":{"loc":{"start":{"line":33,"column":8},"end":{"line":33,"column":36}},"type":"if","locations":[{"start":{"line":33,"column":8},"end":{"line":33,"column":36}},{"start":{},"end":{}}],"line":33},"3":{"loc":{"start":{"line":45,"column":12},"end":{"line":54,"column":13}},"type":"if","locations":[{"start":{"line":45,"column":12},"end":{"line":54,"column":13}},{"start":{"line":52,"column":19},"end":{"line":54,"column":13}}],"line":45},"4":{"loc":{"start":{"line":53,"column":32},"end":{"line":53,"column":73}},"type":"binary-expr","locations":[{"start":{"line":53,"column":32},"end":{"line":53,"column":44}},{"start":{"line":53,"column":48},"end":{"line":53,"column":73}}],"line":53},"5":{"loc":{"start":{"line":65,"column":44},"end":{"line":65,"column":80}},"type":"cond-expr","locations":[{"start":{"line":65,"column":52},"end":{"line":65,"column":75}},{"start":{"line":65,"column":78},"end":{"line":65,"column":80}}],"line":65},"6":{"loc":{"start":{"line":77,"column":48},"end":{"line":77,"column":78}},"type":"cond-expr","locations":[{"start":{"line":77,"column":59},"end":{"line":77,"column":67}},{"start":{"line":77,"column":70},"end":{"line":77,"column":78}}],"line":77},"7":{"loc":{"start":{"line":105,"column":61},"end":{"line":105,"column":89}},"type":"binary-expr","locations":[{"start":{"line":105,"column":61},"end":{"line":105,"column":69}},{"start":{"line":105,"column":73},"end":{"line":105,"column":89}}],"line":105},"8":{"loc":{"start":{"line":128,"column":70},"end":{"line":128,"column":98}},"type":"binary-expr","locations":[{"start":{"line":128,"column":70},"end":{"line":128,"column":78}},{"start":{"line":128,"column":82},"end":{"line":128,"column":98}}],"line":128}},"s":{"0":1,"1":2,"2":2,"3":2,"4":2,"5":2,"6":2,"7":2,"8":2,"9":2,"10":2,"11":2,"12":0,"13":2,"14":0,"15":2,"16":0,"17":0,"18":0,"19":0,"20":2,"21":0,"22":0,"23":0,"24":0,"25":0,"26":0,"27":0,"28":0,"29":0,"30":0,"31":0,"32":0,"33":0,"34":0,"35":0,"36":0,"37":2,"38":0,"39":0,"40":0,"41":0,"42":0,"43":0},"f":{"0":2,"1":0,"2":0,"3":0,"4":0,"5":0,"6":0,"7":0,"8":0,"9":0,"10":0},"b":{"0":[0,0],"1":[0,0],"2":[0,0],"3":[0,0],"4":[0,0],"5":[0,2],"6":[0,2],"7":[2,2],"8":[2,2]},"_coverageSchema":"1a1c01bbd47fc00a2c39e90264f33305004495a9","hash":"50f37ad13e603764a9545a84c34049a86b839c45"}
,"C:\\Users\\alhaf\\Downloads\\GlasgowSupportBot\\frontend\\src\\InputBox.js": {"path":"C:\\Users\\alhaf\\Downloads\\GlasgowSupportBot\\frontend\\src\\InputBox.js","statementMap":{"0":{"start":{"line":3,"column":17},"end":{"line":36,"column":1}},"1":{"start":{"line":4,"column":28},"end":{"line":4,"column":40}},"2":{"start":{"line":6,"column":21},"end":{"line":11,"column":3}},"3":{"start":{"line":7,"column":4},"end":{"line":10,"column":5}},"4":{"start":{"line":8,"column":6},"end":{"line":8,"column":27}},"5":{"start":{"line":9,"column":6},"end":{"line":9,"column":19}},"6":{"start":{"line":13,"column":25},"end":{"line":18,"column":3}},"7":{"start":{"line":14,"column":4},"end":{"line":17,"column":5}},"8":{"start":{"line":15,"column":6},"end":{"line":15,"column":25}},"9":{"start":{"line":16,"column":6},"end":{"line":16,"column":19}},"10":{"start":{"line":20,"column":2},"end":{"line":35,"column":4}},"11":{"start":{"line":26,"column":25},"end":{"line":26,"column":49}}},"fnMap":{"0":{"name":"(anonymous_0)","decl":{"start":{"line":3,"column":17},"end":{"line":3,"column":18}},"loc":{"start":{"line":3,"column":52},"end":{"line":36,"column":1}},"line":3},"1":{"name":"(anonymous_1)","decl":{"start":{"line":6,"column":21},"end":{"line":6,"column":22}},"loc":{"start":{"line":6,"column":27},"end":{"line":11,"column":3}},"line":6},"2":{"name":"(anonymous_2)","decl":{"start":{"line":13,"column":25},"end":{"line":13,"column":26}},"loc":{"start":{"line":13,"column":32},"end":{"line":18,"column":3}},"line":13},"3":{"name":"(anonymous_3)","decl":{"start":{"line":26,"column":18},"end":{"line":26,"column":19}},"loc":{"start":{"line":26,"column":25},"end":{"line":26,"column":49}},"line":26}},"branchMap":{"0":{"loc":{"start":{"line":7,"column":4},"end":{"line":10,"column":5}},"type":"if","locations":[{"start":{"line":7,"column":4},"end":{"line":10,"column":5}},{"start":{},"end":{}}],"line":7},"1":{"loc":{"start":{"line":7,"column":8},"end":{"line":7,"column":35}},"type":"binary-expr","locations":[{"start":{"line":7,"column":8},"end":{"line":7,"column":20}},{"start":{"line":7,"column":24},"end":{"line":7,"column":35}}],"line":7},"2":{"loc":{"start":{"line":14,"column":4},"end":{"line":17,"column":5}},"type":"if","locations":[{"start":{"line":14,"column":4},"end":{"line":17,"column":5}},{"start":{},"end":{}}],"line":14},"3":{"loc":{"start":{"line":14,"column":8},"end":{"line":14,"column":55}},"type":"binary-expr","locations":[{"start":{"line":14,"column":8},"end":{"line":14,"column":25}},{"start":{"line":14,"column":29},"end":{"line":14,"column":40}},{"start":{"line":14,"column":44},"end":{"line":14,"column":55}}],"line":14},"4":{"loc":{"start":{"line":32,"column":9},"end":{"line":32,"column":42}},"type":"cond-expr","locations":[{"start":{"line":32,"column":22},"end":{"line":32,"column":33}},{"start":{"line":32,"column":36},"end":{"line":32,"column":42}}],"line":32}},"s":{"0":3,"1":73,"2":73,"3":5,"4":5,"5":5,"6":73,"7":2,"8":2,"9":2,"10":73,"11":51},"f":{"0":73,"1":5,"2":2,"3":51},"b":{"0":[5,0],"1":[5,5],"2":[2,0],"3":[2,2,2],"4":[4,69]},"_coverageSchema":"1a1c01bbd47fc00a2c39e90264f33305004495a9","hash":"3f8c048efc6261a645861e7cb4b675d291a71176"}
,"C:\\Users\\alhaf\\Downloads\\GlasgowSupportBot\\frontend\\src\\Message.js": {"path":"C:\\Users\\alhaf\\Downloads\\GlasgowSupportBot\\frontend\\src\\Message.js","statementMap":{"0":{"start":{"line":4,"column":30},"end":{"line":8,"column":1}},"1":{"start":{"line":11,"column":25},"end":{"line":17,"column":1}},"2":{"start":{"line":20,"column":28},"end":{"line":32,"column":1}},"3":{"start":{"line":34,"column":16},"end":{"line":60,"column":1}},"4":{"start":{"line":35,"column":19},"end":{"line":35,"column":122}},"5":{"start":{"line":38,"column":22},"end":{"line":43,"column":3}},"6":{"start":{"line":39,"column":21},"end":{"line":39,"column":96}},"7":{"start":{"line":40,"column":4},"end":{"line":42,"column":7}},"8":{"start":{"line":41,"column":6},"end":{"line":41,"column":85}},"9":{"start":{"line":46,"column":27},"end":{"line":46,"column":44}},"10":{"start":{"line":48,"column":2},"end":{"line":59,"column":4}}},"fnMap":{"0":{"name":"(anonymous_0)","decl":{"start":{"line":34,"column":16},"end":{"line":34,"column":17}},"loc":{"start":{"line":34,"column":38},"end":{"line":60,"column":1}},"line":34},"1":{"name":"(anonymous_1)","decl":{"start":{"line":38,"column":22},"end":{"line":38,"column":23}},"loc":{"start":{"line":38,"column":32},"end":{"line":43,"column":3}},"line":38},"2":{"name":"(anonymous_2)","decl":{"start":{"line":40,"column":34},"end":{"line":40,"column":35}},"loc":{"start":{"line":40,"column":43},"end":{"line":42,"column":5}},"line":40}},"branchMap":{"0":{"loc":{"start":{"line":35,"column":19},"end":{"line":35,"column":122}},"type":"cond-expr","locations":[{"start":{"line":35,"column":37},"end":{"line":35,"column":83}},{"start":{"line":35,"column":86},"end":{"line":35,"column":122}}],"line":35},"1":{"loc":{"start":{"line":53,"column":20},"end":{"line":53,"column":59}},"type":"cond-expr","locations":[{"start":{"line":53,"column":38},"end":{"line":53,"column":47}},{"start":{"line":53,"column":50},"end":{"line":53,"column":59}}],"line":53},"2":{"loc":{"start":{"line":54,"column":15},"end":{"line":54,"column":50}},"type":"cond-expr","locations":[{"start":{"line":54,"column":33},"end":{"line":54,"column":40}},{"start":{"line":54,"column":43},"end":{"line":54,"column":50}}],"line":54}},"s":{"0":3,"1":3,"2":3,"3":3,"4":20,"5":20,"6":20,"7":20,"8":1,"9":20,"10":20},"f":{"0":20,"1":20,"2":1},"b":{"0":[8,12],"1":[8,12],"2":[8,12]},"_coverageSchema":"1a1c01bbd47fc00a2c39e90264f33305004495a9","hash":"1a0734f70a474b2b4eb890bc74e8dedd44dccf4d"}
,"C:\\Users\\alhaf\\Downloads\\GlasgowSupportBot\\frontend\\src\\SupportService.js": {"path":"C:\\Users\\alhaf\\Downloads\\GlasgowSupportBot\\frontend\\src\\SupportService.js","statementMap":{"0":{"start":{"line":4,"column":23},"end":{"line":175,"column":1}},"1":{"start":{"line":5,"column":2},"end":{"line":174,"column":4}}},"fnMap":{"0":{"name":"(anonymous_0)","decl":{"start":{"line":4,"column":23},"end":{"line":4,"column":24}},"loc":{"start":{"line":4,"column":29},"end":{"line":175,"column":1}},"line":4}},"branchMap":{},"s":{"0":1,"1":0},"f":{"0":0},"b":{},"_coverageSchema":"1a1c01bbd47fc00a2c39e90264f33305004495a9","hash":"283f180f54ad57c3c65901b9ee1db79008e082ed"}
,"C:\\Users\\alhaf\\Downloads\\GlasgowSupportBot\\frontend\\src\\WelcomePopUp.js": {"path":"C:\\Users\\alhaf\\Downloads\\GlasgowSupportBot\\frontend\\src\\WelcomePopUp.js","statementMap":{"0":{"start":{"line":3,"column":21},"end":{"line":124,"column":2}},"1":{"start":{"line":4,"column":38},"end":{"line":4,"column":53}},"2":{"start":{"line":5,"column":40},"end":{"line":5,"column":55}},"3":{"start":{"line":6,"column":50},"end":{"line":6,"column":65}},"4":{"start":{"line":8,"column":4},"end":{"line":17,"column":11}},"5":{"start":{"line":9,"column":29},"end":{"line":9,"column":74}},"6":{"start":{"line":10,"column":6},"end":{"line":16,"column":7}},"7":{"start":{"line":11,"column":32},"end":{"line":11,"column":71}},"8":{"start":{"line":12,"column":31},"end":{"line":12,"column":63}},"9":{"start":{"line":13,"column":8},"end":{"line":15,"column":9}},"10":{"start":{"line":14,"column":10},"end":{"line":14,"column":29}},"11":{"start":{"line":19,"column":24},"end":{"line":22,"column":5}},"12":{"start":{"line":20,"column":6},"end":{"line":20,"column":72}},"13":{"start":{"line":21,"column":6},"end":{"line":21,"column":26}},"14":{"start":{"line":24,"column":33},"end":{"line":27,"column":5}},"15":{"start":{"line":25,"column":6},"end":{"line":25,"column":60}},"16":{"start":{"line":26,"column":6},"end":{"line":26,"column":26}},"17":{"start":{"line":29,"column":17},"end":{"line":89,"column":3}},"18":{"start":{"line":90,"column":2},"end":{"line":92,"column":3}},"19":{"start":{"line":91,"column":4},"end":{"line":91,"column":16}},"20":{"start":{"line":94,"column":2},"end":{"line":123,"column":5}},"21":{"start":{"line":107,"column":31},"end":{"line":107,"column":50}},"22":{"start":{"line":108,"column":31},"end":{"line":108,"column":51}},"23":{"start":{"line":115,"column":31},"end":{"line":115,"column":55}},"24":{"start":{"line":116,"column":31},"end":{"line":116,"column":56}}},"fnMap":{"0":{"name":"(anonymous_0)","decl":{"start":{"line":3,"column":21},"end":{"line":3,"column":22}},"loc":{"start":{"line":3,"column":27},"end":{"line":124,"column":2}},"line":3},"1":{"name":"(anonymous_1)","decl":{"start":{"line":8,"column":14},"end":{"line":8,"column":15}},"loc":{"start":{"line":8,"column":20},"end":{"line":17,"column":5}},"line":8},"2":{"name":"(anonymous_2)","decl":{"start":{"line":19,"column":24},"end":{"line":19,"column":25}},"loc":{"start":{"line":19,"column":30},"end":{"line":22,"column":5}},"line":19},"3":{"name":"(anonymous_3)","decl":{"start":{"line":24,"column":33},"end":{"line":24,"column":34}},"loc":{"start":{"line":24,"column":39},"end":{"line":27,"column":5}},"line":24},"4":{"name":"(anonymous_4)","decl":{"start":{"line":107,"column":25},"end":{"line":107,"column":26}},"loc":{"start":{"line":107,"column":31},"end":{"line":107,"column":50}},"line":107},"5":{"name":"(anonymous_5)","decl":{"start":{"line":108,"column":25},"end":{"line":108,"column":26}},"loc":{"start":{"line":108,"column":31},"end":{"line":108,"column":51}},"line":108},"6":{"name":"(anonymous_6)","decl":{"start":{"line":115,"column":25},"end":{"line":115,"column":26}},"loc":{"start":{"line":115,"column":31},"end":{"line":115,"column":55}},"line":115},"7":{"name":"(anonymous_7)","decl":{"start":{"line":116,"column":25},"end":{"line":116,"column":26}},"loc":{"start":{"line":116,"column":31},"end":{"line":116,"column":56}},"line":116}},"branchMap":{"0":{"loc":{"start":{"line":10,"column":6},"end":{"line":16,"column":7}},"type":"if","locations":[{"start":{"line":10,"column":6},"end":{"line":16,"column":7}},{"start":{},"end":{}}],"line":10},"1":{"loc":{"start":{"line":13,"column":8},"end":{"line":15,"column":9}},"type":"if","locations":[{"start":{"line":13,"column":8},"end":{"line":15,"column":9}},{"start":{},"end":{}}],"line":13},"2":{"loc":{"start":{"line":13,"column":12},"end":{"line":13,"column":84}},"type":"binary-expr","locations":[{"start":{"line":13,"column":12},"end":{"line":13,"column":28}},{"start":{"line":13,"column":32},"end":{"line":13,"column":84}}],"line":13},"3":{"loc":{"start":{"line":63,"column":15},"end":{"line":63,"column":35}},"type":"cond-expr","locations":[{"start":{"line":63,"column":28},"end":{"line":63,"column":31}},{"start":{"line":63,"column":34},"end":{"line":63,"column":35}}],"line":63},"4":{"loc":{"start":{"line":69,"column":15},"end":{"line":69,"column":40}},"type":"cond-expr","locations":[{"start":{"line":69,"column":33},"end":{"line":69,"column":36}},{"start":{"line":69,"column":39},"end":{"line":69,"column":40}}],"line":69},"5":{"loc":{"start":{"line":90,"column":2},"end":{"line":92,"column":3}},"type":"if","locations":[{"start":{"line":90,"column":2},"end":{"line":92,"column":3}},{"start":{},"end":{}}],"line":90}},"s":{"0":1,"1":3,"2":3,"3":3,"4":3,"5":1,"6":1,"7":1,"8":1,"9":1,"10":1,"11":3,"12":0,"13":0,"14":3,"15":0,"16":0,"17":3,"18":3,"19":1,"20":2,"21":0,"22":0,"23":0,"24":0},"f":{"0":3,"1":1,"2":0,"3":0,"4":0,"5":0,"6":0,"7":0},"b":{"0":[1,0],"1":[1,0],"2":[1,0],"3":[0,3],"4":[0,3],"5":[1,2]},"_coverageSchema":"1a1c01bbd47fc00a2c39e90264f33305004495a9","hash":"88ee00ba67b071b8f3efe38f9b1af60dbb343eb9"}
,"C:\\Users\\alhaf\\Downloads\\GlasgowSupportBot\\frontend\\src\\index.js": {"path":"C:\\Users\\alhaf\\Downloads\\GlasgowSupportBot\\frontend\\src\\index.js","statementMap":{"0":{"start":{"line":7,"column":13},"end":{"line":7,"column":65}},"1":{"start":{"line":8,"column":0},"end":{"line":12,"column":2}},"2":{"start":{"line":15,"column":0},"end":{"line":15,"column":18}}},"fnMap":{},"branchMap":{},"s":{"0":0,"1":0,"2":0},"f":{},"b":{}}
,"C:\\Users\\alhaf\\Downloads\\GlasgowSupportBot\\frontend\\src\\reportWebVitals.js": {"path":"C:\\Users\\alhaf\\Downloads\\GlasgowSupportBot\\frontend\\src\\reportWebVitals.js","statementMap":{"0":{"start":{"line":1,"column":24},"end":{"line":11,"column":1}},"1":{"start":{"line":2,"column":2},"end":{"line":10,"column":3}},"2":{"start":{"line":3,"column":4},"end":{"line":9,"column":7}},"3":{"start":{"line":4,"column":6},"end":{"line":4,"column":26}},"4":{"start":{"line":5,"column":6},"end":{"line":5,"column":26}},"5":{"start":{"line":6,"column":6},"end":{"line":6,"column":26}},"6":{"start":{"line":7,"column":6},"end":{"line":7,"column":26}},"7":{"start":{"line":8,"column":6},"end":{"line":8,"column":27}}},"fnMap":{"0":{"name":"(anonymous_0)","decl":{"start":{"line":1,"column":24},"end":{"line":1,"column":25}},"loc":{"start":{"line":1,"column":39},"end":{"line":11,"column":1}},"line":1},"1":{"name":"(anonymous_1)","decl":{"start":{"line":3,"column":30},"end":{"line":3,"column":31}},"loc":{"start":{"line":3,"column":79},"end":{"line":9,"column":5}},"line":3}},"branchMap":{"0":{"loc":{"start":{"line":2,"column":2},"end":{"line":10,"column":3}},"type":"if","locations":[{"start":{"line":2,"column":2},"end":{"line":10,"column":3}},{"start":{},"end":{}}],"line":2},"1":{"loc":{"start":{"line":2,"column":6},"end":{"line":2,"column":52}},"type":"binary-expr","locations":[{"start":{"line":2,"column":6},"end":{"line":2,"column":17}},{"start":{"line":2,"column":21},"end":{"line":2,"column":52}}],"line":2}},"s":{"0":0,"1":0,"2":0,"3":0,"4":0,"5":0,"6":0,"7":0},"f":{"0":0,"1":0},"b":{"0":[0,0],"1":[0,0]}}
}
